<?xml version="1.0" encoding="UTF-8"?>
<robot generator="Robot 4.0.2 (Python 3.9.1 on win32)" generated="20210609 08:42:55.635" rpa="false" schemaversion="2">
<suite id="s1" name="Login" source="C:\workspace\projeto_automacao_app_vitta\steps\login.robot">
<test id="s1-t1" name="Deve Logar com sucesso">
<kw name="Open Session" library="base" type="SETUP">
<kw name="Set Appium Timeout" library="AppiumLibrary">
<arg>5</arg>
<doc>Sets the timeout in seconds used by various keywords.</doc>
<status status="PASS" starttime="20210609 08:42:55.840" endtime="20210609 08:42:55.840"/>
</kw>
<kw name="Open Application" library="AppiumLibrary">
<arg>http://localhost:4723/wd/hub</arg>
<arg>automationName=UiAutomator2</arg>
<arg>platformName=Android</arg>
<arg>deviceName=Emulator</arg>
<arg>app=${EXECDIR}/app/vitta.apk</arg>
<arg>udid=emulator-5554</arg>
<doc>Opens a new application to given Appium server.
Capabilities of appium server, Android and iOS,
Please check https://github.com/appium/appium/blob/master/docs/en/writing-running-appium/server-args.md
| *Option*            | *Man.* | *Description*     |
| remote_url          | Yes    | Appium server url |
| alias               | no     | alias             |</doc>
<status status="PASS" starttime="20210609 08:42:55.840" endtime="20210609 08:43:11.224"/>
</kw>
<kw name="Get Started" library="helpers">
<kw name="Wait Until Page Contains" library="AppiumLibrary">
<arg>Sua liberdade na palma da mão.</arg>
<arg>20</arg>
<doc>Waits until `text` appears on current page.</doc>
<status status="PASS" starttime="20210609 08:43:11.224" endtime="20210609 08:43:21.876"/>
</kw>
<kw name="Click Element" library="AppiumLibrary">
<arg>${START}</arg>
<doc>Click element identified by `locator`.</doc>
<msg timestamp="20210609 08:43:21.878" level="INFO">Clicking element 'xpath=//*[@content-desc='Acessar minha conta']'.</msg>
<status status="PASS" starttime="20210609 08:43:21.876" endtime="20210609 08:43:22.068"/>
</kw>
<status status="PASS" starttime="20210609 08:43:11.224" endtime="20210609 08:43:22.069"/>
</kw>
<status status="PASS" starttime="20210609 08:42:55.839" endtime="20210609 08:43:22.069"/>
</kw>
<kw name="Go To Login Form" library="helpers">
<kw name="Wait Until Page Contains" library="AppiumLibrary">
<arg>Seja bem vindo à Vitta!</arg>
<doc>Waits until `text` appears on current page.</doc>
<status status="PASS" starttime="20210609 08:43:22.070" endtime="20210609 08:43:23.587"/>
</kw>
<kw name="Click Element At Coordinates" library="AppiumLibrary">
<arg>182</arg>
<arg>983</arg>
<doc>click element at a certain coordinate</doc>
<msg timestamp="20210609 08:43:23.589" level="INFO">Pressing at (182, 983).</msg>
<status status="PASS" starttime="20210609 08:43:23.587" endtime="20210609 08:43:23.734"/>
</kw>
<kw name="Wait Until Page Contains" library="AppiumLibrary">
<arg>Sua liberdade na palma da mão.</arg>
<arg>20</arg>
<doc>Waits until `text` appears on current page.</doc>
<msg timestamp="20210609 08:43:44.014" level="INFO">&lt;?xml version='1.0' encoding='UTF-8' standalone='yes' ?&gt;
&lt;hierarchy index="0" class="hierarchy" rotation="0" width="1080" height="1977"&gt;
  &lt;android.widget.FrameLayout index="0" package="br.com.vitta.adam" class="android.widget.FrameLayout" text="" checkable="false" checked="false" clickable="false" enabled="true" focusable="false" focused="false" long-clickable="false" password="false" scrollable="false" selected="false" bounds="[0,0][1080,1977]" displayed="true"&gt;
    &lt;android.widget.LinearLayout index="0" package="br.com.vitta.adam" class="android.widget.LinearLayout" text="" checkable="false" checked="false" clickable="false" enabled="true" focusable="false" focused="false" long-clickable="false" password="false" scrollable="false" selected="false" bounds="[0,0][1080,1977]" displayed="true"&gt;
      &lt;android.widget.FrameLayout index="0" package="br.com.vitta.adam" class="android.widget.FrameLayout" text="" resource-id="android:id/content" checkable="false" checked="false" clickable="false" enabled="true" focusable="false" focused="false" long-clickable="false" password="false" scrollable="false" selected="false" bounds="[0,0][1080,1977]" displayed="true"&gt;
        &lt;android.widget.FrameLayout index="0" package="br.com.vitta.adam" class="android.widget.FrameLayout" text="" checkable="false" checked="false" clickable="false" enabled="true" focusable="false" focused="false" long-clickable="false" password="false" scrollable="false" selected="false" bounds="[0,0][1080,1977]" displayed="true"&gt;
          &lt;android.widget.FrameLayout index="0" package="br.com.vitta.adam" class="android.widget.FrameLayout" text="" checkable="false" checked="false" clickable="false" enabled="true" focusable="true" focused="true" long-clickable="false" password="false" scrollable="false" selected="false" bounds="[0,0][1080,1977]" displayed="true"&gt;
            &lt;android.view.View index="0" package="br.com.vitta.adam" class="android.view.View" text="" resource-id="" checkable="false" checked="false" clickable="false" enabled="true" focusable="false" focused="false" long-clickable="false" password="false" scrollable="false" selected="false" bounds="[0,0][1080,1977]" displayed="true"&gt;
              &lt;android.view.View index="0" package="br.com.vitta.adam" class="android.view.View" text="" resource-id="" checkable="false" checked="false" clickable="true" enabled="true" focusable="true" focused="false" long-clickable="false" password="false" scrollable="false" selected="false" bounds="[0,0][1080,1977]" displayed="true"&gt;
                &lt;android.view.View index="0" package="br.com.vitta.adam" class="android.view.View" text="" resource-id="" checkable="false" checked="false" clickable="false" enabled="true" focusable="false" focused="false" long-clickable="false" password="false" scrollable="false" selected="false" bounds="[0,0][1080,1977]" displayed="true"&gt;
                  &lt;android.view.View index="0" package="br.com.vitta.adam" class="android.view.View" text="" resource-id="" checkable="false" checked="false" clickable="false" enabled="true" focusable="false" focused="false" long-clickable="false" password="false" scrollable="false" selected="false" bounds="[0,0][1080,1977]" displayed="true"&gt;
                    &lt;android.widget.ScrollView index="0" package="br.com.vitta.adam" class="android.widget.ScrollView" text="" resource-id="" checkable="false" checked="false" clickable="false" enabled="true" focusable="true" focused="false" long-clickable="false" password="false" scrollable="true" selected="false" bounds="[0,0][1080,1584]" displayed="true"&gt;
                      &lt;android.widget.ImageView index="0" package="br.com.vitta.adam" class="android.widget.ImageView" text="" resource-id="" checkable="false" checked="false" clickable="false" enabled="true" focusable="true" focused="false" long-clickable="false" password="false" scrollable="false" selected="false" bounds="[0,335][1080,475]" displayed="true" /&gt;
                      &lt;android.view.View index="1" package="br.com.vitta.adam" class="android.view.View" text="" resource-id="" checkable="false" checked="false" clickable="false" enabled="true" focusable="false" focused="false" long-clickable="false" password="false" scrollable="false" selected="false" bounds="[0,540][1080,1584]" displayed="true"&gt;
                        &lt;android.view.View index="0" package="br.com.vitta.adam" class="android.view.View" text="" resource-id="" checkable="false" checked="false" clickable="false" enabled="true" focusable="false" focused="false" long-clickable="false" password="false" scrollable="false" selected="false" bounds="[0,540][1080,1584]" displayed="true"&gt;
                          &lt;android.widget.EditText index="0" package="br.com.vitta.adam" class="android.widget.EditText" text="Seja bem vindo à Vitta!&amp;#10;Para começarmos sua identificação, precisamos que você insira seu CPF.&amp;#10;Seu CPF" resource-id="" checkable="false" checked="false" clickable="true" enabled="true" focusable="true" focused="true" long-clickable="false" password="false" scrollable="false" selected="false" bounds="[0,540][1080,1584]" displayed="true"&gt;
                            &lt;android.widget.Button index="0" package="br.com.vitta.adam" class="android.widget.Button" text="" content-desc="Continuar" resource-id="" checkable="false" checked="false" clickable="true" enabled="true" focusable="true" focused="false" long-clickable="false" password="false" scrollable="false" selected="false" bounds="[119,1097][961,1188]" displayed="true" /&gt;
                          &lt;/android.widget.EditText&gt;
                        &lt;/android.view.View&gt;
                      &lt;/android.view.View&gt;
                    &lt;/android.widget.ScrollView&gt;
                  &lt;/android.view.View&gt;
                &lt;/android.view.View&gt;
              &lt;/android.view.View&gt;
            &lt;/android.view.View&gt;
          &lt;/android.widget.FrameLayout&gt;
        &lt;/android.widget.FrameLayout&gt;
      &lt;/android.widget.FrameLayout&gt;
    &lt;/android.widget.LinearLayout&gt;
  &lt;/android.widget.FrameLayout&gt;
&lt;/hierarchy&gt;</msg>
<kw name="Capture Page Screenshot" library="AppiumLibrary">
<doc>Takes a screenshot of the current page and embeds it into the log.</doc>
<msg timestamp="20210609 08:43:44.672" level="INFO" html="true">&lt;/td&gt;&lt;/tr&gt;&lt;tr&gt;&lt;td colspan="3"&gt;&lt;a href="appium-screenshot-1.png"&gt;&lt;img src="appium-screenshot-1.png" width="800px"&gt;&lt;/a&gt;</msg>
<status status="PASS" starttime="20210609 08:43:44.014" endtime="20210609 08:43:44.672"/>
</kw>
<msg timestamp="20210609 08:43:44.673" level="FAIL">Text 'Sua liberdade na palma da mão.' did not appear in 20 seconds</msg>
<status status="FAIL" starttime="20210609 08:43:23.734" endtime="20210609 08:43:44.673"/>
</kw>
<status status="FAIL" starttime="20210609 08:43:22.069" endtime="20210609 08:43:44.673"/>
</kw>
<kw name="Close Session" library="base" type="TEARDOWN">
<kw name="Close Application" library="AppiumLibrary">
<doc>Closes the current application and also close webdriver session.</doc>
<status status="PASS" starttime="20210609 08:43:44.675" endtime="20210609 08:43:45.767"/>
</kw>
<status status="PASS" starttime="20210609 08:43:44.674" endtime="20210609 08:43:45.767"/>
</kw>
<status status="FAIL" starttime="20210609 08:42:55.839" endtime="20210609 08:43:45.768">Text 'Sua liberdade na palma da mão.' did not appear in 20 seconds</status>
</test>
<status status="FAIL" starttime="20210609 08:42:55.637" endtime="20210609 08:43:45.770"/>
</suite>
<statistics>
<total>
<stat pass="0" fail="1" skip="0">All Tests</stat>
</total>
<tag>
</tag>
<suite>
<stat pass="0" fail="1" skip="0" id="s1" name="Login">Login</stat>
</suite>
</statistics>
<errors>
</errors>
</robot>
